<?xml version="1.0" encoding="UTF-8"?>
<!-- Generated by org.testng.reporters.JUnitReportReporter -->
<testsuite hostname="DESKTOP-5MN6J4G" failures="0" tests="1" name="taowu.LoginTest" time="40.106" errors="0" timestamp="22 Jul 2019 09:22:47 GMT">
  <testcase classname="taowu.LoginTest" name="loginCheck" time="40.106"/>
</testsuite> <!-- taowu.LoginTest -->
