<?xml version="1.0" encoding="UTF-8"?>
<!-- Generated by org.testng.reporters.JUnitReportReporter -->
<testsuite hostname="DESKTOP-5MN6J4G" failures="0" tests="1" name="taowu.SearchTest" time="6.402" errors="0" timestamp="23 Jul 2019 02:18:02 GMT">
  <testcase classname="taowu.SearchTest" name="search" time="6.402"/>
</testsuite> <!-- taowu.SearchTest -->
